Command line:
   tf_bcd_counter_isim_beh.exe
     -simmode  gui
     -simrunnum  0
     -socket  58405

Mon Dec 19 17:13:22 2022


 Elaboration Time: 0.0625 sec

 Current Memory Usage: 852.382 Meg

 Total Signals          : 20
 Total Nets             : 24
 Total Signal Drivers   : 10
 Total Blocks           : 4
 Total Primitive Blocks : 2
 Total Processes        : 15
 Total Traceable Variables  : 23
 Total Scalar Nets and Variables : 115
Total Line Count : 38

 Total Simulation Time: 0.0625 sec

 Current Memory Usage: 1168.53 Meg

Mon Dec 19 17:13:59 2022

