Release 14.7 - xst P.20131013 (nt64)
Copyright (c) 1995-2013 Xilinx, Inc.  All rights reserved.
--> Parameter TMPDIR set to xst/projnav.tmp


Total REAL time to Xst completion: 0.00 secs
Total CPU time to Xst completion: 0.14 secs
 
--> Parameter xsthdpdir set to xst


Total REAL time to Xst completion: 0.00 secs
Total CPU time to Xst completion: 0.14 secs
 
--> Reading design: bcd_counter_segdis_frq_mode.prj

TABLE OF CONTENTS
  1) Synthesis Options Summary
  2) HDL Compilation
  3) Design Hierarchy Analysis
  4) HDL Analysis
  5) HDL Synthesis
     5.1) HDL Synthesis Report
  6) Advanced HDL Synthesis
     6.1) Advanced HDL Synthesis Report
  7) Low Level Synthesis
  8) Partition Report
  9) Final Report
	9.1) Device utilization summary
	9.2) Partition Resource Summary
	9.3) TIMING REPORT


=========================================================================
*                      Synthesis Options Summary                        *
=========================================================================
---- Source Parameters
Input File Name                    : "bcd_counter_segdis_frq_mode.prj"
Input Format                       : mixed
Ignore Synthesis Constraint File   : NO

---- Target Parameters
Output File Name                   : "bcd_counter_segdis_frq_mode"
Output Format                      : NGC
Target Device                      : xc3s1000-4-fg676

---- Source Options
Top Module Name                    : bcd_counter_segdis_frq_mode
Automatic FSM Extraction           : YES
FSM Encoding Algorithm             : Auto
Safe Implementation                : No
FSM Style                          : LUT
RAM Extraction                     : Yes
RAM Style                          : Auto
ROM Extraction                     : Yes
Mux Style                          : Auto
Decoder Extraction                 : YES
Priority Encoder Extraction        : Yes
Shift Register Extraction          : YES
Logical Shifter Extraction         : YES
XOR Collapsing                     : YES
ROM Style                          : Auto
Mux Extraction                     : Yes
Resource Sharing                   : YES
Asynchronous To Synchronous        : NO
Multiplier Style                   : Auto
Automatic Register Balancing       : No

---- Target Options
Add IO Buffers                     : YES
Global Maximum Fanout              : 100000
Add Generic Clock Buffer(BUFG)     : 8
Register Duplication               : YES
Slice Packing                      : YES
Optimize Instantiated Primitives   : NO
Use Clock Enable                   : Yes
Use Synchronous Set                : Yes
Use Synchronous Reset              : Yes
Pack IO Registers into IOBs        : Auto
Equivalent register Removal        : YES

---- General Options
Optimization Goal                  : Speed
Optimization Effort                : 1
Keep Hierarchy                     : No
Netlist Hierarchy                  : As_Optimized
RTL Output                         : Yes
Global Optimization                : AllClockNets
Read Cores                         : YES
Write Timing Constraints           : NO
Cross Clock Analysis               : NO
Hierarchy Separator                : /
Bus Delimiter                      : <>
Case Specifier                     : Maintain
Slice Utilization Ratio            : 100
BRAM Utilization Ratio             : 100
Verilog 2001                       : YES
Auto BRAM Packing                  : NO
Slice Utilization Ratio Delta      : 5

=========================================================================


=========================================================================
*                          HDL Compilation                              *
=========================================================================
Compiling verilog file "frq_div2.v" in library work
Compiling verilog file "bcd_counter1.v" in library work
Module <frq_div2> compiled
Compiling verilog file "bcd_counter_segdis_frq_mode.v" in library work
Module <bcd_counter1> compiled
Module <bcd_counter_segdis_frq_mode> compiled
No errors in compilation
Analysis of file <"bcd_counter_segdis_frq_mode.prj"> succeeded.
 

=========================================================================
*                     Design Hierarchy Analysis                         *
=========================================================================
Analyzing hierarchy for module <bcd_counter_segdis_frq_mode> in library <work>.

Analyzing hierarchy for module <bcd_counter1> in library <work>.

Analyzing hierarchy for module <frq_div2> in library <work>.


=========================================================================
*                            HDL Analysis                               *
=========================================================================
Analyzing top module <bcd_counter_segdis_frq_mode>.
Module <bcd_counter_segdis_frq_mode> is correct for synthesis.
 
Analyzing module <bcd_counter1> in library <work>.
Module <bcd_counter1> is correct for synthesis.
 
Analyzing module <frq_div2> in library <work>.
Module <frq_div2> is correct for synthesis.
 

=========================================================================
*                           HDL Synthesis                               *
=========================================================================

Performing bidirectional port resolution...

Synthesizing Unit <frq_div2>.
    Related source file is "frq_div2.v".
    Found 1-bit register for signal <clk>.
    Found 4-bit up counter for signal <count>.
    Summary:
	inferred   1 Counter(s).
	inferred   1 D-type flip-flop(s).
Unit <frq_div2> synthesized.


Synthesizing Unit <bcd_counter1>.
    Related source file is "bcd_counter1.v".
    Found 4-bit register for signal <cnt>.
    Found 4-bit addsub for signal <cnt$share0000>.
    Summary:
	inferred   4 D-type flip-flop(s).
	inferred   1 Adder/Subtractor(s).
Unit <bcd_counter1> synthesized.


Synthesizing Unit <bcd_counter_segdis_frq_mode>.
    Related source file is "bcd_counter_segdis_frq_mode.v".
    Found 10x8-bit ROM for signal <seg_data>.
    Summary:
	inferred   1 ROM(s).
Unit <bcd_counter_segdis_frq_mode> synthesized.

INFO:Xst:1767 - HDL ADVISOR - Resource sharing has identified that some arithmetic operations in this design can share the same physical resources for reduced device utilization. For improved clock frequency you may try to disable resource sharing.

=========================================================================
HDL Synthesis Report

Macro Statistics
# ROMs                                                 : 1
 10x8-bit ROM                                          : 1
# Adders/Subtractors                                   : 1
 4-bit addsub                                          : 1
# Counters                                             : 1
 4-bit up counter                                      : 1
# Registers                                            : 2
 1-bit register                                        : 1
 4-bit register                                        : 1

=========================================================================

=========================================================================
*                       Advanced HDL Synthesis                          *
=========================================================================


=========================================================================
Advanced HDL Synthesis Report

Macro Statistics
# ROMs                                                 : 1
 10x8-bit ROM                                          : 1
# Adders/Subtractors                                   : 1
 4-bit addsub                                          : 1
# Counters                                             : 1
 4-bit up counter                                      : 1
# Registers                                            : 5
 Flip-Flops                                            : 5

=========================================================================

=========================================================================
*                         Low Level Synthesis                           *
=========================================================================

Optimizing unit <bcd_counter_segdis_frq_mode> ...

Optimizing unit <bcd_counter1> ...

Mapping all equations...
Building and optimizing final netlist ...
Found area constraint ratio of 100 (+ 5) on block bcd_counter_segdis_frq_mode, actual ratio is 0.

Final Macro Processing ...

=========================================================================
Final Register Report

Macro Statistics
# Registers                                            : 9
 Flip-Flops                                            : 9

=========================================================================

=========================================================================
*                           Partition Report                            *
=========================================================================

Partition Implementation Status
-------------------------------

  No Partitions were found in this design.

-------------------------------

=========================================================================
*                            Final Report                               *
=========================================================================
Final Results
RTL Top Level Output File Name     : bcd_counter_segdis_frq_mode.ngr
Top Level Output File Name         : bcd_counter_segdis_frq_mode
Output Format                      : NGC
Optimization Goal                  : Speed
Keep Hierarchy                     : No

Design Statistics
# IOs                              : 19

Cell Usage :
# BELS                             : 24
#      GND                         : 1
#      INV                         : 2
#      LUT3                        : 2
#      LUT4                        : 15
#      MUXF5                       : 3
#      VCC                         : 1
# FlipFlops/Latches                : 9
#      FDC                         : 9
# Clock Buffers                    : 1
#      BUFGP                       : 1
# IO Buffers                       : 18
#      IBUF                        : 2
#      OBUF                        : 16
=========================================================================

Device utilization summary:
---------------------------

Selected Device : 3s1000fg676-4 

 Number of Slices:                        9  out of   7680     0%  
 Number of Slice Flip Flops:              9  out of  15360     0%  
 Number of 4 input LUTs:                 19  out of  15360     0%  
 Number of IOs:                          19
 Number of bonded IOBs:                  19  out of    391     4%  
 Number of GCLKs:                         1  out of      8    12%  

---------------------------
Partition Resource Summary:
---------------------------

  No Partitions were found in this design.

---------------------------


=========================================================================
TIMING REPORT

NOTE: THESE TIMING NUMBERS ARE ONLY A SYNTHESIS ESTIMATE.
      FOR ACCURATE TIMING INFORMATION PLEASE REFER TO THE TRACE REPORT
      GENERATED AFTER PLACE-and-ROUTE.

Clock Information:
------------------
-----------------------------------+------------------------+-------+
Clock Signal                       | Clock buffer(FF name)  | Load  |
-----------------------------------+------------------------+-------+
mclk                               | BUFGP                  | 5     |
U0/U1/clk                          | NONE(U0/cnt_3)         | 4     |
-----------------------------------+------------------------+-------+
INFO:Xst:2169 - HDL ADVISOR - Some clock signals were not automatically buffered by XST with BUFG/BUFR resources. Please use the buffer_type constraint in order to insert these buffers to the clock signals to help prevent skew problems.

Asynchronous Control Signals Information:
----------------------------------------
-----------------------------------+------------------------+-------+
Control Signal                     | Buffer(FF name)        | Load  |
-----------------------------------+------------------------+-------+
rst                                | IBUF                   | 9     |
-----------------------------------+------------------------+-------+

Timing Summary:
---------------
Speed Grade: -4

   Minimum period: 3.445ns (Maximum Frequency: 290.276MHz)
   Minimum input arrival time before clock: 3.133ns
   Maximum output required time after clock: 9.225ns
   Maximum combinational path delay: No path found

Timing Detail:
--------------
All values displayed in nanoseconds (ns)

=========================================================================
Timing constraint: Default period analysis for Clock 'mclk'
  Clock period: 3.196ns (frequency: 312.891MHz)
  Total number of paths / destination ports: 16 / 5
-------------------------------------------------------------------------
Delay:               3.196ns (Levels of Logic = 1)
  Source:            U0/U1/count_0 (FF)
  Destination:       U0/U1/count_0 (FF)
  Source Clock:      mclk rising
  Destination Clock: mclk rising

  Data Path: U0/U1/count_0 to U0/U1/count_0
                                Gate     Net
    Cell:in->out      fanout   Delay   Delay  Logical Name (Net Name)
    ----------------------------------------  ------------
     FDC:C->Q              5   0.720   0.921  U0/U1/count_0 (U0/U1/count_0)
     INV:I->O              1   0.551   0.801  U0/U1/Mcount_count_xor<0>11_INV_0 (U0/U1/Mcount_count)
     FDC:D                     0.203          U0/U1/count_0
    ----------------------------------------
    Total                      3.196ns (1.474ns logic, 1.722ns route)
                                       (46.1% logic, 53.9% route)

=========================================================================
Timing constraint: Default period analysis for Clock 'U0/U1/clk'
  Clock period: 3.445ns (frequency: 290.276MHz)
  Total number of paths / destination ports: 21 / 4
-------------------------------------------------------------------------
Delay:               3.445ns (Levels of Logic = 1)
  Source:            U0/cnt_0 (FF)
  Destination:       U0/cnt_0 (FF)
  Source Clock:      U0/U1/clk rising
  Destination Clock: U0/U1/clk rising

  Data Path: U0/cnt_0 to U0/cnt_0
                                Gate     Net
    Cell:in->out      fanout   Delay   Delay  Logical Name (Net Name)
    ----------------------------------------  ------------
     FDC:C->Q             13   0.720   1.170  U0/cnt_0 (U0/cnt_0)
     INV:I->O              1   0.551   0.801  U0/cnt_mux0000<3>11_INV_0 (U0/cnt_mux0000<3>)
     FDC:D                     0.203          U0/cnt_0
    ----------------------------------------
    Total                      3.445ns (1.474ns logic, 1.971ns route)
                                       (42.8% logic, 57.2% route)

=========================================================================
Timing constraint: Default OFFSET IN BEFORE for Clock 'U0/U1/clk'
  Total number of paths / destination ports: 6 / 3
-------------------------------------------------------------------------
Offset:              3.133ns (Levels of Logic = 3)
  Source:            mode (PAD)
  Destination:       U0/cnt_2 (FF)
  Destination Clock: U0/U1/clk rising

  Data Path: mode to U0/cnt_2
                                Gate     Net
    Cell:in->out      fanout   Delay   Delay  Logical Name (Net Name)
    ----------------------------------------  ------------
     IBUF:I->O             6   0.821   1.198  mode_IBUF (mode_IBUF)
     LUT3:I1->O            1   0.551   0.000  U0/cnt_mux0000<1>2_G (N20)
     MUXF5:I1->O           1   0.360   0.000  U0/cnt_mux0000<1>2 (U0/cnt_mux0000<1>)
     FDC:D                     0.203          U0/cnt_2
    ----------------------------------------
    Total                      3.133ns (1.935ns logic, 1.198ns route)
                                       (61.8% logic, 38.2% route)

=========================================================================
Timing constraint: Default OFFSET OUT AFTER for Clock 'U0/U1/clk'
  Total number of paths / destination ports: 28 / 7
-------------------------------------------------------------------------
Offset:              9.225ns (Levels of Logic = 2)
  Source:            U0/cnt_1 (FF)
  Destination:       seg_data<6> (PAD)
  Source Clock:      U0/U1/clk rising

  Data Path: U0/cnt_1 to seg_data<6>
                                Gate     Net
    Cell:in->out      fanout   Delay   Delay  Logical Name (Net Name)
    ----------------------------------------  ------------
     FDC:C->Q             13   0.720   1.509  U0/cnt_1 (U0/cnt_1)
     LUT4:I0->O            1   0.551   0.801  Mrom_seg_data111 (seg_data_1_OBUF)
     OBUF:I->O                 5.644          seg_data_1_OBUF (seg_data<1>)
    ----------------------------------------
    Total                      9.225ns (6.915ns logic, 2.310ns route)
                                       (75.0% logic, 25.0% route)

=========================================================================


Total REAL time to Xst completion: 6.00 secs
Total CPU time to Xst completion: 6.03 secs
 
--> 

Total memory usage is 4497396 kilobytes

Number of errors   :    0 (   0 filtered)
Number of warnings :    0 (   0 filtered)
Number of infos    :    2 (   0 filtered)

