Command line:
   tf_frq_div1_isim_beh.exe
     -simmode  gui
     -simrunnum  0
     -socket  58008

Mon Dec 19 16:57:17 2022


 Elaboration Time: 0.046875 sec

 Current Memory Usage: 852.513 Meg

 Total Signals          : 16
 Total Nets             : 19
 Total Signal Drivers   : 8
 Total Blocks           : 3
 Total Primitive Blocks : 2
 Total Processes        : 12
 Total Traceable Variables  : 21
 Total Scalar Nets and Variables : 105
Total Line Count : 26

 Total Simulation Time: 0.046875 sec

 Current Memory Usage: 852.513 Meg

Mon Dec 19 16:57:38 2022

