Release 14.7 - xst P.20131013 (nt64)
Copyright (c) 1995-2013 Xilinx, Inc.  All rights reserved.
--> Parameter TMPDIR set to xst/projnav.tmp


Total REAL time to Xst completion: 0.00 secs
Total CPU time to Xst completion: 0.09 secs
 
--> Parameter xsthdpdir set to xst


Total REAL time to Xst completion: 0.00 secs
Total CPU time to Xst completion: 0.09 secs
 
--> Reading design: ringcounter_mode_frq.prj

TABLE OF CONTENTS
  1) Synthesis Options Summary
  2) HDL Compilation
  3) Design Hierarchy Analysis
  4) HDL Analysis
  5) HDL Synthesis
     5.1) HDL Synthesis Report
  6) Advanced HDL Synthesis
     6.1) Advanced HDL Synthesis Report
  7) Low Level Synthesis
  8) Partition Report
  9) Final Report
	9.1) Device utilization summary
	9.2) Partition Resource Summary
	9.3) TIMING REPORT


=========================================================================
*                      Synthesis Options Summary                        *
=========================================================================
---- Source Parameters
Input File Name                    : "ringcounter_mode_frq.prj"
Input Format                       : mixed
Ignore Synthesis Constraint File   : NO

---- Target Parameters
Output File Name                   : "ringcounter_mode_frq"
Output Format                      : NGC
Target Device                      : xc3s1000-4-fg676

---- Source Options
Top Module Name                    : ringcounter_mode_frq
Automatic FSM Extraction           : YES
FSM Encoding Algorithm             : Auto
Safe Implementation                : No
FSM Style                          : LUT
RAM Extraction                     : Yes
RAM Style                          : Auto
ROM Extraction                     : Yes
Mux Style                          : Auto
Decoder Extraction                 : YES
Priority Encoder Extraction        : Yes
Shift Register Extraction          : YES
Logical Shifter Extraction         : YES
XOR Collapsing                     : YES
ROM Style                          : Auto
Mux Extraction                     : Yes
Resource Sharing                   : YES
Asynchronous To Synchronous        : NO
Multiplier Style                   : Auto
Automatic Register Balancing       : No

---- Target Options
Add IO Buffers                     : YES
Global Maximum Fanout              : 500
Add Generic Clock Buffer(BUFG)     : 8
Register Duplication               : YES
Slice Packing                      : YES
Optimize Instantiated Primitives   : NO
Use Clock Enable                   : Yes
Use Synchronous Set                : Yes
Use Synchronous Reset              : Yes
Pack IO Registers into IOBs        : Auto
Equivalent register Removal        : YES

---- General Options
Optimization Goal                  : Speed
Optimization Effort                : 1
Keep Hierarchy                     : No
Netlist Hierarchy                  : As_Optimized
RTL Output                         : Yes
Global Optimization                : AllClockNets
Read Cores                         : YES
Write Timing Constraints           : NO
Cross Clock Analysis               : NO
Hierarchy Separator                : /
Bus Delimiter                      : <>
Case Specifier                     : Maintain
Slice Utilization Ratio            : 100
BRAM Utilization Ratio             : 100
Verilog 2001                       : YES
Auto BRAM Packing                  : NO
Slice Utilization Ratio Delta      : 5

=========================================================================


=========================================================================
*                          HDL Compilation                              *
=========================================================================
Compiling verilog file "frq_div1.v" in library work
Compiling verilog file "ringcounter_mode_frq.v" in library work
Module <frq_div1> compiled
Module <ringcounter_mode_frq> compiled
No errors in compilation
Analysis of file <"ringcounter_mode_frq.prj"> succeeded.
 

=========================================================================
*                     Design Hierarchy Analysis                         *
=========================================================================
Analyzing hierarchy for module <ringcounter_mode_frq> in library <work>.

Analyzing hierarchy for module <frq_div1> in library <work>.


=========================================================================
*                            HDL Analysis                               *
=========================================================================
Analyzing top module <ringcounter_mode_frq>.
Module <ringcounter_mode_frq> is correct for synthesis.
 
Analyzing module <frq_div1> in library <work>.
Module <frq_div1> is correct for synthesis.
 

=========================================================================
*                           HDL Synthesis                               *
=========================================================================

Performing bidirectional port resolution...

Synthesizing Unit <frq_div1>.
    Related source file is "frq_div1.v".
    Found 1-bit register for signal <clk>.
    Found 4-bit up counter for signal <cnt>.
    Summary:
	inferred   1 Counter(s).
	inferred   1 D-type flip-flop(s).
Unit <frq_div1> synthesized.


Synthesizing Unit <ringcounter_mode_frq>.
    Related source file is "ringcounter_mode_frq.v".
    Found 8-bit register for signal <cnt>.
Unit <ringcounter_mode_frq> synthesized.


=========================================================================
HDL Synthesis Report

Macro Statistics
# Counters                                             : 1
 4-bit up counter                                      : 1
# Registers                                            : 2
 1-bit register                                        : 1
 8-bit register                                        : 1

=========================================================================

=========================================================================
*                       Advanced HDL Synthesis                          *
=========================================================================


=========================================================================
Advanced HDL Synthesis Report

Macro Statistics
# Counters                                             : 1
 4-bit up counter                                      : 1
# Registers                                            : 9
 Flip-Flops                                            : 9

=========================================================================

=========================================================================
*                         Low Level Synthesis                           *
=========================================================================

Optimizing unit <ringcounter_mode_frq> ...

Mapping all equations...
Building and optimizing final netlist ...
Found area constraint ratio of 100 (+ 5) on block ringcounter_mode_frq, actual ratio is 0.

Final Macro Processing ...

=========================================================================
Final Register Report

Macro Statistics
# Registers                                            : 13
 Flip-Flops                                            : 13

=========================================================================

=========================================================================
*                           Partition Report                            *
=========================================================================

Partition Implementation Status
-------------------------------

  No Partitions were found in this design.

-------------------------------

=========================================================================
*                            Final Report                               *
=========================================================================
Final Results
RTL Top Level Output File Name     : ringcounter_mode_frq.ngr
Top Level Output File Name         : ringcounter_mode_frq
Output Format                      : NGC
Optimization Goal                  : Speed
Keep Hierarchy                     : No

Design Statistics
# IOs                              : 11

Cell Usage :
# BELS                             : 16
#      INV                         : 1
#      LUT3                        : 7
#      LUT3_D                      : 1
#      LUT4                        : 6
#      LUT4_L                      : 1
# FlipFlops/Latches                : 13
#      FDC                         : 12
#      FDP                         : 1
# Clock Buffers                    : 1
#      BUFGP                       : 1
# IO Buffers                       : 10
#      IBUF                        : 2
#      OBUF                        : 8
=========================================================================

Device utilization summary:
---------------------------

Selected Device : 3s1000fg676-4 

 Number of Slices:                        8  out of   7680     0%  
 Number of Slice Flip Flops:             13  out of  15360     0%  
 Number of 4 input LUTs:                 16  out of  15360     0%  
 Number of IOs:                          11
 Number of bonded IOBs:                  11  out of    391     2%  
 Number of GCLKs:                         1  out of      8    12%  

---------------------------
Partition Resource Summary:
---------------------------

  No Partitions were found in this design.

---------------------------


=========================================================================
TIMING REPORT

NOTE: THESE TIMING NUMBERS ARE ONLY A SYNTHESIS ESTIMATE.
      FOR ACCURATE TIMING INFORMATION PLEASE REFER TO THE TRACE REPORT
      GENERATED AFTER PLACE-and-ROUTE.

Clock Information:
------------------
-----------------------------------+------------------------+-------+
Clock Signal                       | Clock buffer(FF name)  | Load  |
-----------------------------------+------------------------+-------+
mclk                               | BUFGP                  | 5     |
U0/clk                             | NONE(cnt_7)            | 8     |
-----------------------------------+------------------------+-------+
INFO:Xst:2169 - HDL ADVISOR - Some clock signals were not automatically buffered by XST with BUFG/BUFR resources. Please use the buffer_type constraint in order to insert these buffers to the clock signals to help prevent skew problems.

Asynchronous Control Signals Information:
----------------------------------------
-----------------------------------+------------------------+-------+
Control Signal                     | Buffer(FF name)        | Load  |
-----------------------------------+------------------------+-------+
rst                                | IBUF                   | 13    |
-----------------------------------+------------------------+-------+

Timing Summary:
---------------
Speed Grade: -4

   Minimum period: 4.154ns (Maximum Frequency: 240.732MHz)
   Minimum input arrival time before clock: 2.997ns
   Maximum output required time after clock: 7.285ns
   Maximum combinational path delay: No path found

Timing Detail:
--------------
All values displayed in nanoseconds (ns)

=========================================================================
Timing constraint: Default period analysis for Clock 'mclk'
  Clock period: 3.196ns (frequency: 312.891MHz)
  Total number of paths / destination ports: 16 / 5
-------------------------------------------------------------------------
Delay:               3.196ns (Levels of Logic = 1)
  Source:            U0/cnt_0 (FF)
  Destination:       U0/cnt_0 (FF)
  Source Clock:      mclk rising
  Destination Clock: mclk rising

  Data Path: U0/cnt_0 to U0/cnt_0
                                Gate     Net
    Cell:in->out      fanout   Delay   Delay  Logical Name (Net Name)
    ----------------------------------------  ------------
     FDC:C->Q              5   0.720   0.921  U0/cnt_0 (U0/cnt_0)
     INV:I->O              1   0.551   0.801  U0/Mcount_cnt_xor<0>11_INV_0 (U0/Mcount_cnt)
     FDC:D                     0.203          U0/cnt_0
    ----------------------------------------
    Total                      3.196ns (1.474ns logic, 1.722ns route)
                                       (46.1% logic, 53.9% route)

=========================================================================
Timing constraint: Default period analysis for Clock 'U0/clk'
  Clock period: 4.154ns (frequency: 240.732MHz)
  Total number of paths / destination ports: 28 / 8
-------------------------------------------------------------------------
Delay:               4.154ns (Levels of Logic = 2)
  Source:            cnt_5 (FF)
  Destination:       cnt_0 (FF)
  Source Clock:      U0/clk rising
  Destination Clock: U0/clk rising

  Data Path: cnt_5 to cnt_0
                                Gate     Net
    Cell:in->out      fanout   Delay   Delay  Logical Name (Net Name)
    ----------------------------------------  ------------
     FDC:C->Q              5   0.720   1.260  cnt_5 (cnt_5)
     LUT4:I0->O            1   0.551   0.869  cnt_mux0000<0>1_SW1 (N2)
     LUT4:I2->O            1   0.551   0.000  cnt_mux0000<7>1 (cnt_mux0000<7>)
     FDP:D                     0.203          cnt_0
    ----------------------------------------
    Total                      4.154ns (2.025ns logic, 2.129ns route)
                                       (48.7% logic, 51.3% route)

=========================================================================
Timing constraint: Default OFFSET IN BEFORE for Clock 'U0/clk'
  Total number of paths / destination ports: 8 / 8
-------------------------------------------------------------------------
Offset:              2.997ns (Levels of Logic = 2)
  Source:            mode (PAD)
  Destination:       cnt_7 (FF)
  Destination Clock: U0/clk rising

  Data Path: mode to cnt_7
                                Gate     Net
    Cell:in->out      fanout   Delay   Delay  Logical Name (Net Name)
    ----------------------------------------  ------------
     IBUF:I->O             8   0.821   1.422  mode_IBUF (mode_IBUF)
     LUT3:I0->O            1   0.551   0.000  cnt_mux0000<6>1 (cnt_mux0000<6>)
     FDC:D                     0.203          cnt_1
    ----------------------------------------
    Total                      2.997ns (1.575ns logic, 1.422ns route)
                                       (52.6% logic, 47.4% route)

=========================================================================
Timing constraint: Default OFFSET OUT AFTER for Clock 'U0/clk'
  Total number of paths / destination ports: 8 / 8
-------------------------------------------------------------------------
Offset:              7.285ns (Levels of Logic = 1)
  Source:            cnt_5 (FF)
  Destination:       cnt<5> (PAD)
  Source Clock:      U0/clk rising

  Data Path: cnt_5 to cnt<5>
                                Gate     Net
    Cell:in->out      fanout   Delay   Delay  Logical Name (Net Name)
    ----------------------------------------  ------------
     FDC:C->Q              5   0.720   0.921  cnt_5 (cnt_5)
     OBUF:I->O                 5.644          cnt_5_OBUF (cnt<5>)
    ----------------------------------------
    Total                      7.285ns (6.364ns logic, 0.921ns route)
                                       (87.4% logic, 12.6% route)

=========================================================================


Total REAL time to Xst completion: 4.00 secs
Total CPU time to Xst completion: 3.97 secs
 
--> 

Total memory usage is 4497432 kilobytes

Number of errors   :    0 (   0 filtered)
Number of warnings :    0 (   0 filtered)
Number of infos    :    1 (   0 filtered)

