#-----------------------------------------------------------
# PlanAhead v14.7
# Build 321239 by xbuild on Fri Sep 27 19:31:35 MDT 2013
# Start of session at: Tue Dec 04 20:07:53 2018
# Process ID: 8792
# Log file: D:/jsy_watch/planAhead_run_3/planAhead.log
# Journal file: D:/jsy_watch/planAhead_run_3/planAhead.jou
#-----------------------------------------------------------
INFO: [Common 17-78] Attempting to get a license: PlanAhead
INFO: [Common 17-290] Got license for PlanAhead
INFO: [Device 21-36] Loading parts and site information from C:/Xilinx/14.7/ISE_DS/PlanAhead/data/parts/arch.xml
Parsing RTL primitives file [C:/Xilinx/14.7/ISE_DS/PlanAhead/data/parts/xilinx/rtl/prims/rtl_prims.xml]
Finished parsing RTL primitives file [C:/Xilinx/14.7/ISE_DS/PlanAhead/data/parts/xilinx/rtl/prims/rtl_prims.xml]
start_gui
source D:/jsy_watch/pa.fromNetlist.tcl
# create_project -name jsy_watch -dir "D:/jsy_watch/planAhead_run_3" -part xc3s1000fg676-4
# set_property design_mode GateLvl [get_property srcset [current_run -impl]]
# set_property edif_top_file "D:/jsy_watch/top.ngc" [ get_property srcset [ current_run ] ]
# add_files -norecurse { {D:/jsy_watch} }
# set_param project.pinAheadLayout  yes
# set_property target_constrs_file "top.ucf" [current_fileset -constrset]
Adding file 'D:/jsy_watch/top.ucf' to fileset 'constrs_1'
# add_files [list {top.ucf}] -fileset [get_property constrset [current_run]]
# link_design
Design is defaulting to srcset: sources_1
Design is defaulting to constrset: constrs_1
Design is defaulting to project part: xc3s1000fg676-4
Release 14.7 - ngc2edif P.20131013 (nt)
Copyright (c) 1995-2013 Xilinx, Inc.  All rights reserved.

Release 14.7 - ngc2edif P.20131013 (nt)
Copyright (c) 1995-2013 Xilinx, Inc.  All rights reserved.
Reading design top.ngc ...
WARNING:NetListWriters:298 - No output is written to top.xncf, ignored.
Processing design ...
   Preping design's networks ...
   Preping design's macros ...
WARNING:NetListWriters:306 - Signal bus seg_com_mux0000<7 : 0> on block top is
   not reconstructed, because there are some missing bus signals.
  finished :Prep
Writing EDIF netlist file top.edif ...
ngc2edif: Total memory usage is 83360 kilobytes

Parsing EDIF File [./planAhead_run_3/jsy_watch.data/cache/top_ngc_zx.edif]
Finished Parsing EDIF File [./planAhead_run_3/jsy_watch.data/cache/top_ngc_zx.edif]
INFO: [Designutils 20-910] Reading macro library C:/Xilinx/14.7/ISE_DS/PlanAhead/data\./parts/xilinx/spartan3/hd_int_macros.edn
Parsing EDIF File [C:/Xilinx/14.7/ISE_DS/PlanAhead/data\./parts/xilinx/spartan3/hd_int_macros.edn]
Finished Parsing EDIF File [C:/Xilinx/14.7/ISE_DS/PlanAhead/data\./parts/xilinx/spartan3/hd_int_macros.edn]
Loading clock regions from C:/Xilinx/14.7/ISE_DS/PlanAhead/data\parts/xilinx/spartan3/spartan3/xc3s1000/ClockRegion.xml
Loading clock buffers from C:/Xilinx/14.7/ISE_DS/PlanAhead/data\parts/xilinx/spartan3/spartan3/xc3s1000/ClockBuffers.xml
Loading package from C:/Xilinx/14.7/ISE_DS/PlanAhead/data\parts/xilinx/spartan3/spartan3/xc3s1000/fg676/Package.xml
Loading io standards from C:/Xilinx/14.7/ISE_DS/PlanAhead/data\./parts/xilinx/spartan3/IOStandards.xml
INFO: [Device 21-19] Loading pkg sso from C:/Xilinx/14.7/ISE_DS/PlanAhead/data\parts/xilinx/spartan3/spartan3/xc3s1000/fg676/SSORules.xml
Loading list of drcs for the architecture : C:/Xilinx/14.7/ISE_DS/PlanAhead/data\./parts/xilinx/spartan3/drc.xml
INFO: [Timing 38-77] Reading timing library C:/Xilinx/14.7/ISE_DS/PlanAhead/data\parts/xilinx/spartan3/spartan3/spartan3-4.lib.
INFO: [Timing 38-34] Done reading timing library C:/Xilinx/14.7/ISE_DS/PlanAhead/data\parts/xilinx/spartan3/spartan3/spartan3-4.lib.
Parsing UCF File [D:/jsy_watch/top.ucf]
Finished Parsing UCF File [D:/jsy_watch/top.ucf]
INFO: [Project 1-111] Unisim Transformation Summary:
No Unisim elements were transformed.

Phase 0 | Netlist Checksum: d48a846b
link_design: Time (s): elapsed = 00:00:07 . Memory (MB): peak = 479.434 ; gain = 51.660
startgroup
set_property package_pin R1 [get_ports {dot_col[13]}]
endgroup
startgroup
set_property package_pin R2 [get_ports {dot_col[12]}]
endgroup
startgroup
set_property package_pin R3 [get_ports {dot_col[11]}]
endgroup
startgroup
set_property package_pin T4 [get_ports {dot_col[10]}]
endgroup
startgroup
set_property package_pin T5 [get_ports {dot_col[9]}]
endgroup
startgroup
set_property package_pin T6 [get_ports {dot_col[8]}]
endgroup
startgroup
set_property package_pin T7 [get_ports {dot_col[7]}]
endgroup
startgroup
set_property package_pin U6 [get_ports {dot_col[6]}]
endgroup
startgroup
set_property package_pin U7 [get_ports {dot_col[5]}]
endgroup
startgroup
set_property package_pin T1 [get_ports {dot_col[4]}]
endgroup
startgroup
set_property package_pin T2 [get_ports {dot_col[3]}]
endgroup
startgroup
set_property package_pin U2 [get_ports {dot_col[2]}]
endgroup
startgroup
set_property package_pin U3 [get_ports {dot_col[1]}]
endgroup
startgroup
set_property package_pin U4 [get_ports {dot_col[0]}]
endgroup
startgroup
set_property package_pin U5 [get_ports {dot_row[9]}]
endgroup
startgroup
set_property package_pin V5 [get_ports {dot_row[8]}]
endgroup
startgroup
set_property package_pin V6 [get_ports {dot_row[7]}]
endgroup
startgroup
set_property package_pin V7 [get_ports {dot_row[6]}]
endgroup
set_property package_pin "" [get_ports [list  {dot_row[4]}]]
startgroup
set_property package_pin U1 [get_ports {dot_row[5]}]
endgroup
startgroup
set_property package_pin W7 [get_ports {dot_row[4]}]
endgroup
startgroup
set_property package_pin V2 [get_ports {dot_row[3]}]
endgroup
startgroup
set_property package_pin V3 [get_ports {dot_row[2]}]
endgroup
startgroup
set_property package_pin V4 [get_ports {dot_row[1]}]
endgroup
startgroup
set_property package_pin W3 [get_ports {dot_row[0]}]
endgroup
startgroup
set_property package_pin V4 [get_ports {dot_row[1]}]
endgroup
save_constraints
exit
ERROR: [PlanAhead 12-106] *** Exception: ui.h.b: Found deleted key in HTclEventBroker. Verify if the classes listed here call cleanup()
HTclEvent: SIGNAL_BUS_MODIFY   Classes: ui.views.aR 
HTclEvent: DEBUG_CORE_CONFIG_CHANGE   Classes: ui.views.aR 
HTclEvent: SIGNAL_MODIFY   Classes: ui.views.aR 
HTclEvent: DEBUG_PORT_CONFIG_CHANGE   Classes: ui.views.aR 
 (See D:/jsy_watch\planAhead_pid8792.debug)
ERROR: [Common 17-39] 'stop_gui' failed due to earlier errors.
INFO: [Common 17-206] Exiting PlanAhead at Tue Dec 04 20:10:05 2018...
INFO: [Common 17-83] Releasing license: PlanAhead
