Command line:
   tf_frq_div1__isim_beh.exe
     -simmode  gui
     -simrunnum  0
     -socket  58564

Mon Dec 19 17:20:36 2022


 Elaboration Time: 0.046875 sec

 Current Memory Usage: 852.513 Meg

 Total Signals          : 17
 Total Nets             : 20
 Total Signal Drivers   : 9
 Total Blocks           : 3
 Total Primitive Blocks : 2
 Total Processes        : 13
 Total Traceable Variables  : 22
 Total Scalar Nets and Variables : 107
Total Line Count : 35

 Total Simulation Time: 0.046875 sec

 Current Memory Usage: 852.513 Meg

Mon Dec 19 17:21:02 2022

