Release 14.7 - ngc2edif P.20131013 (nt)
Copyright (c) 1995-2013 Xilinx, Inc.  All rights reserved.
Reading design top.ngc ...
WARNING:NetListWriters:298 - No output is written to top.xncf, ignored.
Processing design ...
   Preping design's networks ...
   Preping design's macros ...
WARNING:NetListWriters:306 - Signal bus seg_com_mux0000<7 : 0> on block top is
   not reconstructed, because there are some missing bus signals.
  finished :Prep
Writing EDIF netlist file top.edif ...
ngc2edif: Total memory usage is 84244 kilobytes

Release 14.7 - ngc2edif P.20131013 (nt)
Copyright (c) 1995-2013 Xilinx, Inc.  All rights reserved.
Reading design top.ngc ...
WARNING:NetListWriters:298 - No output is written to top.xncf, ignored.
Processing design ...
   Preping design's networks ...
   Preping design's macros ...
WARNING:NetListWriters:306 - Signal bus seg_com_mux0000<7 : 0> on block top is
   not reconstructed, because there are some missing bus signals.
  finished :Prep
Writing EDIF netlist file top.edif ...
ngc2edif: Total memory usage is 82848 kilobytes

Release 14.7 - ngc2edif P.20131013 (nt)
Copyright (c) 1995-2013 Xilinx, Inc.  All rights reserved.
Reading design top.ngc ...
WARNING:NetListWriters:298 - No output is written to top.xncf, ignored.
Processing design ...
   Preping design's networks ...
   Preping design's macros ...
WARNING:NetListWriters:306 - Signal bus seg_com_mux0000<7 : 0> on block top is
   not reconstructed, because there are some missing bus signals.
  finished :Prep
Writing EDIF netlist file top.edif ...
ngc2edif: Total memory usage is 83360 kilobytes

Release 14.7 - ngc2edif P.20131013 (nt)
Copyright (c) 1995-2013 Xilinx, Inc.  All rights reserved.
Reading design top.ngc ...
WARNING:NetListWriters:298 - No output is written to top.xncf, ignored.
Processing design ...
   Preping design's networks ...
   Preping design's macros ...
WARNING:NetListWriters:306 - Signal bus Madd_cnt_delay_2sec_addsub0000_cy<6 : 3>
   on block top is not reconstructed, because there are some missing bus
   signals.
WARNING:NetListWriters:306 - Signal bus seg_com_mux0000<7 : 0> on block top is
   not reconstructed, because there are some missing bus signals.
  finished :Prep
Writing EDIF netlist file top.edif ...
ngc2edif: Total memory usage is 83232 kilobytes

Release 14.7 - ngc2edif P.20131013 (nt)
Copyright (c) 1995-2013 Xilinx, Inc.  All rights reserved.
Reading design top.ngc ...
WARNING:NetListWriters:298 - No output is written to top.xncf, ignored.
Processing design ...
   Preping design's networks ...
   Preping design's macros ...
WARNING:NetListWriters:306 - Signal bus Madd_cnt_delay_2sec_addsub0000_cy<6 : 3>
   on block top is not reconstructed, because there are some missing bus
   signals.
WARNING:NetListWriters:306 - Signal bus seg_com_mux0000<7 : 0> on block top is
   not reconstructed, because there are some missing bus signals.
  finished :Prep
Writing EDIF netlist file top.edif ...
ngc2edif: Total memory usage is 83488 kilobytes

